<?xml version="1.0" encoding="UTF-8"?>
<testsuite xmlns:xsi="http://www.w3.org/2001/XMLSchema-instance" xsi:noNamespaceSchemaLocation="https://maven.apache.org/surefire/maven-surefire-plugin/xsd/surefire-test-report-3.0.xsd" version="3.0" name="TestSuite" time="97.1" tests="4" errors="0" skipped="0" failures="0">
  <properties>
    <property name="java.specification.version" value="14"/>
    <property name="webdriver.chrome.driver" value="C://Users//Kamal//Downloads//UIAutomationFramework//src//main//resources//Browsers//chromedriver1.exe"/>
    <property name="sun.cpu.isalist" value="amd64"/>
    <property name="sun.jnu.encoding" value="Cp1252"/>
    <property name="java.class.path" value="C:\Users\Kamal\Downloads\UIAutomationFramework\target\test-classes;C:\Users\Kamal\Downloads\UIAutomationFramework\target\classes;C:\Users\Kamal\.m2\repository\org\seleniumhq\selenium\selenium-java\4.0.0-alpha-6\selenium-java-4.0.0-alpha-6.jar;C:\Users\Kamal\.m2\repository\org\seleniumhq\selenium\selenium-api\4.0.0-alpha-6\selenium-api-4.0.0-alpha-6.jar;C:\Users\Kamal\.m2\repository\org\seleniumhq\selenium\selenium-chrome-driver\4.0.0-alpha-6\selenium-chrome-driver-4.0.0-alpha-6.jar;C:\Users\Kamal\.m2\repository\com\google\auto\service\auto-service-annotations\1.0-rc6\auto-service-annotations-1.0-rc6.jar;C:\Users\Kamal\.m2\repository\com\google\auto\service\auto-service\1.0-rc6\auto-service-1.0-rc6.jar;C:\Users\Kamal\.m2\repository\com\google\auto\auto-common\0.10\auto-common-0.10.jar;C:\Users\Kamal\.m2\repository\com\google\guava\guava\29.0-jre\guava-29.0-jre.jar;C:\Users\Kamal\.m2\repository\com\google\guava\failureaccess\1.0.1\failureaccess-1.0.1.jar;C:\Users\Kamal\.m2\repository\com\google\guava\listenablefuture\9999.0-empty-to-avoid-conflict-with-guava\listenablefuture-9999.0-empty-to-avoid-conflict-with-guava.jar;C:\Users\Kamal\.m2\repository\com\google\code\findbugs\jsr305\3.0.2\jsr305-3.0.2.jar;C:\Users\Kamal\.m2\repository\org\checkerframework\checker-qual\2.11.1\checker-qual-2.11.1.jar;C:\Users\Kamal\.m2\repository\com\google\errorprone\error_prone_annotations\2.3.4\error_prone_annotations-2.3.4.jar;C:\Users\Kamal\.m2\repository\com\google\j2objc\j2objc-annotations\1.3\j2objc-annotations-1.3.jar;C:\Users\Kamal\.m2\repository\org\seleniumhq\selenium\selenium-chromium-driver\4.0.0-alpha-6\selenium-chromium-driver-4.0.0-alpha-6.jar;C:\Users\Kamal\.m2\repository\org\seleniumhq\selenium\selenium-devtools\4.0.0-alpha-6\selenium-devtools-4.0.0-alpha-6.jar;C:\Users\Kamal\.m2\repository\org\seleniumhq\selenium\selenium-http\4.0.0-alpha-6\selenium-http-4.0.0-alpha-6.jar;C:\Users\Kamal\.m2\repository\org\seleniumhq\selenium\selenium-json\4.0.0-alpha-6\selenium-json-4.0.0-alpha-6.jar;C:\Users\Kamal\.m2\repository\org\seleniumhq\selenium\selenium-edge-driver\4.0.0-alpha-6\selenium-edge-driver-4.0.0-alpha-6.jar;C:\Users\Kamal\.m2\repository\org\seleniumhq\selenium\selenium-edgehtml-driver\4.0.0-alpha-6\selenium-edgehtml-driver-4.0.0-alpha-6.jar;C:\Users\Kamal\.m2\repository\org\seleniumhq\selenium\selenium-firefox-driver\4.0.0-alpha-6\selenium-firefox-driver-4.0.0-alpha-6.jar;C:\Users\Kamal\.m2\repository\org\seleniumhq\selenium\selenium-firefox-xpi-driver\4.0.0-alpha-6\selenium-firefox-xpi-driver-4.0.0-alpha-6.jar;C:\Users\Kamal\.m2\repository\org\seleniumhq\selenium\selenium-ie-driver\4.0.0-alpha-6\selenium-ie-driver-4.0.0-alpha-6.jar;C:\Users\Kamal\.m2\repository\org\seleniumhq\selenium\selenium-opera-driver\4.0.0-alpha-6\selenium-opera-driver-4.0.0-alpha-6.jar;C:\Users\Kamal\.m2\repository\org\seleniumhq\selenium\selenium-remote-driver\4.0.0-alpha-6\selenium-remote-driver-4.0.0-alpha-6.jar;C:\Users\Kamal\.m2\repository\com\squareup\okhttp3\okhttp\4.5.0\okhttp-4.5.0.jar;C:\Users\Kamal\.m2\repository\org\jetbrains\kotlin\kotlin-stdlib\1.3.70\kotlin-stdlib-1.3.70.jar;C:\Users\Kamal\.m2\repository\org\jetbrains\annotations\13.0\annotations-13.0.jar;C:\Users\Kamal\.m2\repository\com\squareup\okio\okio\2.6.0\okio-2.6.0.jar;C:\Users\Kamal\.m2\repository\org\jetbrains\kotlin\kotlin-stdlib-common\1.3.70\kotlin-stdlib-common-1.3.70.jar;C:\Users\Kamal\.m2\repository\com\typesafe\netty\netty-reactive-streams\2.0.4\netty-reactive-streams-2.0.4.jar;C:\Users\Kamal\.m2\repository\io\netty\netty-handler\4.1.43.Final\netty-handler-4.1.43.Final.jar;C:\Users\Kamal\.m2\repository\org\reactivestreams\reactive-streams\1.0.3\reactive-streams-1.0.3.jar;C:\Users\Kamal\.m2\repository\io\grpc\grpc-context\1.28.0\grpc-context-1.28.0.jar;C:\Users\Kamal\.m2\repository\io\netty\netty-buffer\4.1.49.Final\netty-buffer-4.1.49.Final.jar;C:\Users\Kamal\.m2\repository\io\netty\netty-common\4.1.49.Final\netty-common-4.1.49.Final.jar;C:\Users\Kamal\.m2\repository\io\netty\netty-codec-http\4.1.49.Final\netty-codec-http-4.1.49.Final.jar;C:\Users\Kamal\.m2\repository\io\netty\netty-codec\4.1.49.Final\netty-codec-4.1.49.Final.jar;C:\Users\Kamal\.m2\repository\io\netty\netty-transport-native-epoll\4.1.49.Final\netty-transport-native-epoll-4.1.49.Final.jar;C:\Users\Kamal\.m2\repository\io\netty\netty-transport-native-epoll\4.1.49.Final\netty-transport-native-epoll-4.1.49.Final-linux-x86_64.jar;C:\Users\Kamal\.m2\repository\io\netty\netty-transport-native-kqueue\4.1.49.Final\netty-transport-native-kqueue-4.1.49.Final.jar;C:\Users\Kamal\.m2\repository\io\netty\netty-transport-native-kqueue\4.1.49.Final\netty-transport-native-kqueue-4.1.49.Final-osx-x86_64.jar;C:\Users\Kamal\.m2\repository\io\netty\netty-transport-native-unix-common\4.1.49.Final\netty-transport-native-unix-common-4.1.49.Final.jar;C:\Users\Kamal\.m2\repository\io\netty\netty-transport\4.1.49.Final\netty-transport-4.1.49.Final.jar;C:\Users\Kamal\.m2\repository\io\netty\netty-resolver\4.1.49.Final\netty-resolver-4.1.49.Final.jar;C:\Users\Kamal\.m2\repository\io\opentelemetry\opentelemetry-api\0.4.0\opentelemetry-api-0.4.0.jar;C:\Users\Kamal\.m2\repository\io\opentelemetry\opentelemetry-context-prop\0.4.0\opentelemetry-context-prop-0.4.0.jar;C:\Users\Kamal\.m2\repository\io\opentelemetry\opentelemetry-sdk\0.4.0\opentelemetry-sdk-0.4.0.jar;C:\Users\Kamal\.m2\repository\io\projectreactor\netty\reactor-netty\0.9.6.RELEASE\reactor-netty-0.9.6.RELEASE.jar;C:\Users\Kamal\.m2\repository\io\netty\netty-codec-http2\4.1.48.Final\netty-codec-http2-4.1.48.Final.jar;C:\Users\Kamal\.m2\repository\io\netty\netty-handler-proxy\4.1.48.Final\netty-handler-proxy-4.1.48.Final.jar;C:\Users\Kamal\.m2\repository\io\projectreactor\reactor-core\3.3.5.RELEASE\reactor-core-3.3.5.RELEASE.jar;C:\Users\Kamal\.m2\repository\net\bytebuddy\byte-buddy\1.10.9\byte-buddy-1.10.9.jar;C:\Users\Kamal\.m2\repository\org\apache\commons\commons-exec\1.3\commons-exec-1.3.jar;C:\Users\Kamal\.m2\repository\org\asynchttpclient\async-http-client\2.12.1\async-http-client-2.12.1.jar;C:\Users\Kamal\.m2\repository\org\asynchttpclient\async-http-client-netty-utils\2.12.1\async-http-client-netty-utils-2.12.1.jar;C:\Users\Kamal\.m2\repository\io\netty\netty-codec-socks\4.1.48.Final\netty-codec-socks-4.1.48.Final.jar;C:\Users\Kamal\.m2\repository\org\slf4j\slf4j-api\1.7.30\slf4j-api-1.7.30.jar;C:\Users\Kamal\.m2\repository\com\sun\activation\javax.activation\1.2.0\javax.activation-1.2.0.jar;C:\Users\Kamal\.m2\repository\org\seleniumhq\selenium\selenium-safari-driver\4.0.0-alpha-6\selenium-safari-driver-4.0.0-alpha-6.jar;C:\Users\Kamal\.m2\repository\org\seleniumhq\selenium\selenium-support\4.0.0-alpha-6\selenium-support-4.0.0-alpha-6.jar;C:\Users\Kamal\.m2\repository\org\testng\testng\7.3.0\testng-7.3.0.jar;C:\Users\Kamal\.m2\repository\com\beust\jcommander\1.78\jcommander-1.78.jar;C:\Users\Kamal\.m2\repository\org\apache\ant\ant\1.10.3\ant-1.10.3.jar;C:\Users\Kamal\.m2\repository\org\apache\ant\ant-launcher\1.10.3\ant-launcher-1.10.3.jar;C:\Users\Kamal\.m2\repository\junit\junit\4.12\junit-4.12.jar;C:\Users\Kamal\.m2\repository\org\hamcrest\hamcrest-core\1.3\hamcrest-core-1.3.jar;C:\Users\Kamal\.m2\repository\com\google\inject\guice\4.2.2\guice-4.2.2-no_aop.jar;C:\Users\Kamal\.m2\repository\javax\inject\javax.inject\1\javax.inject-1.jar;C:\Users\Kamal\.m2\repository\aopalliance\aopalliance\1.0\aopalliance-1.0.jar;C:\Users\Kamal\.m2\repository\org\yaml\snakeyaml\1.21\snakeyaml-1.21.jar;C:\Users\Kamal\.m2\repository\org\apache\logging\log4j\log4j-core\2.13.3\log4j-core-2.13.3.jar;C:\Users\Kamal\.m2\repository\org\apache\logging\log4j\log4j-api\2.13.3\log4j-api-2.13.3.jar;"/>
    <property name="java.vm.vendor" value="Oracle Corporation"/>
    <property name="sun.arch.data.model" value="64"/>
    <property name="user.variant" value=""/>
    <property name="java.vendor.url" value="https://java.oracle.com/"/>
    <property name="user.timezone" value="Asia/Calcutta"/>
    <property name="os.name" value="Windows 10"/>
    <property name="java.vm.specification.version" value="14"/>
    <property name="sun.java.launcher" value="SUN_STANDARD"/>
    <property name="user.country" value="US"/>
    <property name="sun.boot.library.path" value="C:\Program Files\Java\jdk-14.0.2\bin"/>
    <property name="sun.java.command" value="C:\Users\Kamal\AppData\Local\Temp\surefire12858612869716615053\surefirebooter8529144229108146173.jar C:\Users\Kamal\AppData\Local\Temp\surefire12858612869716615053 2020-09-14T12-07-06_554-jvmRun1 surefire1488678090978305416tmp surefire_04101138300495639067tmp"/>
    <property name="jdk.debug" value="release"/>
    <property name="surefire.test.class.path" value="C:\Users\Kamal\Downloads\UIAutomationFramework\target\test-classes;C:\Users\Kamal\Downloads\UIAutomationFramework\target\classes;C:\Users\Kamal\.m2\repository\org\seleniumhq\selenium\selenium-java\4.0.0-alpha-6\selenium-java-4.0.0-alpha-6.jar;C:\Users\Kamal\.m2\repository\org\seleniumhq\selenium\selenium-api\4.0.0-alpha-6\selenium-api-4.0.0-alpha-6.jar;C:\Users\Kamal\.m2\repository\org\seleniumhq\selenium\selenium-chrome-driver\4.0.0-alpha-6\selenium-chrome-driver-4.0.0-alpha-6.jar;C:\Users\Kamal\.m2\repository\com\google\auto\service\auto-service-annotations\1.0-rc6\auto-service-annotations-1.0-rc6.jar;C:\Users\Kamal\.m2\repository\com\google\auto\service\auto-service\1.0-rc6\auto-service-1.0-rc6.jar;C:\Users\Kamal\.m2\repository\com\google\auto\auto-common\0.10\auto-common-0.10.jar;C:\Users\Kamal\.m2\repository\com\google\guava\guava\29.0-jre\guava-29.0-jre.jar;C:\Users\Kamal\.m2\repository\com\google\guava\failureaccess\1.0.1\failureaccess-1.0.1.jar;C:\Users\Kamal\.m2\repository\com\google\guava\listenablefuture\9999.0-empty-to-avoid-conflict-with-guava\listenablefuture-9999.0-empty-to-avoid-conflict-with-guava.jar;C:\Users\Kamal\.m2\repository\com\google\code\findbugs\jsr305\3.0.2\jsr305-3.0.2.jar;C:\Users\Kamal\.m2\repository\org\checkerframework\checker-qual\2.11.1\checker-qual-2.11.1.jar;C:\Users\Kamal\.m2\repository\com\google\errorprone\error_prone_annotations\2.3.4\error_prone_annotations-2.3.4.jar;C:\Users\Kamal\.m2\repository\com\google\j2objc\j2objc-annotations\1.3\j2objc-annotations-1.3.jar;C:\Users\Kamal\.m2\repository\org\seleniumhq\selenium\selenium-chromium-driver\4.0.0-alpha-6\selenium-chromium-driver-4.0.0-alpha-6.jar;C:\Users\Kamal\.m2\repository\org\seleniumhq\selenium\selenium-devtools\4.0.0-alpha-6\selenium-devtools-4.0.0-alpha-6.jar;C:\Users\Kamal\.m2\repository\org\seleniumhq\selenium\selenium-http\4.0.0-alpha-6\selenium-http-4.0.0-alpha-6.jar;C:\Users\Kamal\.m2\repository\org\seleniumhq\selenium\selenium-json\4.0.0-alpha-6\selenium-json-4.0.0-alpha-6.jar;C:\Users\Kamal\.m2\repository\org\seleniumhq\selenium\selenium-edge-driver\4.0.0-alpha-6\selenium-edge-driver-4.0.0-alpha-6.jar;C:\Users\Kamal\.m2\repository\org\seleniumhq\selenium\selenium-edgehtml-driver\4.0.0-alpha-6\selenium-edgehtml-driver-4.0.0-alpha-6.jar;C:\Users\Kamal\.m2\repository\org\seleniumhq\selenium\selenium-firefox-driver\4.0.0-alpha-6\selenium-firefox-driver-4.0.0-alpha-6.jar;C:\Users\Kamal\.m2\repository\org\seleniumhq\selenium\selenium-firefox-xpi-driver\4.0.0-alpha-6\selenium-firefox-xpi-driver-4.0.0-alpha-6.jar;C:\Users\Kamal\.m2\repository\org\seleniumhq\selenium\selenium-ie-driver\4.0.0-alpha-6\selenium-ie-driver-4.0.0-alpha-6.jar;C:\Users\Kamal\.m2\repository\org\seleniumhq\selenium\selenium-opera-driver\4.0.0-alpha-6\selenium-opera-driver-4.0.0-alpha-6.jar;C:\Users\Kamal\.m2\repository\org\seleniumhq\selenium\selenium-remote-driver\4.0.0-alpha-6\selenium-remote-driver-4.0.0-alpha-6.jar;C:\Users\Kamal\.m2\repository\com\squareup\okhttp3\okhttp\4.5.0\okhttp-4.5.0.jar;C:\Users\Kamal\.m2\repository\org\jetbrains\kotlin\kotlin-stdlib\1.3.70\kotlin-stdlib-1.3.70.jar;C:\Users\Kamal\.m2\repository\org\jetbrains\annotations\13.0\annotations-13.0.jar;C:\Users\Kamal\.m2\repository\com\squareup\okio\okio\2.6.0\okio-2.6.0.jar;C:\Users\Kamal\.m2\repository\org\jetbrains\kotlin\kotlin-stdlib-common\1.3.70\kotlin-stdlib-common-1.3.70.jar;C:\Users\Kamal\.m2\repository\com\typesafe\netty\netty-reactive-streams\2.0.4\netty-reactive-streams-2.0.4.jar;C:\Users\Kamal\.m2\repository\io\netty\netty-handler\4.1.43.Final\netty-handler-4.1.43.Final.jar;C:\Users\Kamal\.m2\repository\org\reactivestreams\reactive-streams\1.0.3\reactive-streams-1.0.3.jar;C:\Users\Kamal\.m2\repository\io\grpc\grpc-context\1.28.0\grpc-context-1.28.0.jar;C:\Users\Kamal\.m2\repository\io\netty\netty-buffer\4.1.49.Final\netty-buffer-4.1.49.Final.jar;C:\Users\Kamal\.m2\repository\io\netty\netty-common\4.1.49.Final\netty-common-4.1.49.Final.jar;C:\Users\Kamal\.m2\repository\io\netty\netty-codec-http\4.1.49.Final\netty-codec-http-4.1.49.Final.jar;C:\Users\Kamal\.m2\repository\io\netty\netty-codec\4.1.49.Final\netty-codec-4.1.49.Final.jar;C:\Users\Kamal\.m2\repository\io\netty\netty-transport-native-epoll\4.1.49.Final\netty-transport-native-epoll-4.1.49.Final.jar;C:\Users\Kamal\.m2\repository\io\netty\netty-transport-native-epoll\4.1.49.Final\netty-transport-native-epoll-4.1.49.Final-linux-x86_64.jar;C:\Users\Kamal\.m2\repository\io\netty\netty-transport-native-kqueue\4.1.49.Final\netty-transport-native-kqueue-4.1.49.Final.jar;C:\Users\Kamal\.m2\repository\io\netty\netty-transport-native-kqueue\4.1.49.Final\netty-transport-native-kqueue-4.1.49.Final-osx-x86_64.jar;C:\Users\Kamal\.m2\repository\io\netty\netty-transport-native-unix-common\4.1.49.Final\netty-transport-native-unix-common-4.1.49.Final.jar;C:\Users\Kamal\.m2\repository\io\netty\netty-transport\4.1.49.Final\netty-transport-4.1.49.Final.jar;C:\Users\Kamal\.m2\repository\io\netty\netty-resolver\4.1.49.Final\netty-resolver-4.1.49.Final.jar;C:\Users\Kamal\.m2\repository\io\opentelemetry\opentelemetry-api\0.4.0\opentelemetry-api-0.4.0.jar;C:\Users\Kamal\.m2\repository\io\opentelemetry\opentelemetry-context-prop\0.4.0\opentelemetry-context-prop-0.4.0.jar;C:\Users\Kamal\.m2\repository\io\opentelemetry\opentelemetry-sdk\0.4.0\opentelemetry-sdk-0.4.0.jar;C:\Users\Kamal\.m2\repository\io\projectreactor\netty\reactor-netty\0.9.6.RELEASE\reactor-netty-0.9.6.RELEASE.jar;C:\Users\Kamal\.m2\repository\io\netty\netty-codec-http2\4.1.48.Final\netty-codec-http2-4.1.48.Final.jar;C:\Users\Kamal\.m2\repository\io\netty\netty-handler-proxy\4.1.48.Final\netty-handler-proxy-4.1.48.Final.jar;C:\Users\Kamal\.m2\repository\io\projectreactor\reactor-core\3.3.5.RELEASE\reactor-core-3.3.5.RELEASE.jar;C:\Users\Kamal\.m2\repository\net\bytebuddy\byte-buddy\1.10.9\byte-buddy-1.10.9.jar;C:\Users\Kamal\.m2\repository\org\apache\commons\commons-exec\1.3\commons-exec-1.3.jar;C:\Users\Kamal\.m2\repository\org\asynchttpclient\async-http-client\2.12.1\async-http-client-2.12.1.jar;C:\Users\Kamal\.m2\repository\org\asynchttpclient\async-http-client-netty-utils\2.12.1\async-http-client-netty-utils-2.12.1.jar;C:\Users\Kamal\.m2\repository\io\netty\netty-codec-socks\4.1.48.Final\netty-codec-socks-4.1.48.Final.jar;C:\Users\Kamal\.m2\repository\org\slf4j\slf4j-api\1.7.30\slf4j-api-1.7.30.jar;C:\Users\Kamal\.m2\repository\com\sun\activation\javax.activation\1.2.0\javax.activation-1.2.0.jar;C:\Users\Kamal\.m2\repository\org\seleniumhq\selenium\selenium-safari-driver\4.0.0-alpha-6\selenium-safari-driver-4.0.0-alpha-6.jar;C:\Users\Kamal\.m2\repository\org\seleniumhq\selenium\selenium-support\4.0.0-alpha-6\selenium-support-4.0.0-alpha-6.jar;C:\Users\Kamal\.m2\repository\org\testng\testng\7.3.0\testng-7.3.0.jar;C:\Users\Kamal\.m2\repository\com\beust\jcommander\1.78\jcommander-1.78.jar;C:\Users\Kamal\.m2\repository\org\apache\ant\ant\1.10.3\ant-1.10.3.jar;C:\Users\Kamal\.m2\repository\org\apache\ant\ant-launcher\1.10.3\ant-launcher-1.10.3.jar;C:\Users\Kamal\.m2\repository\junit\junit\4.12\junit-4.12.jar;C:\Users\Kamal\.m2\repository\org\hamcrest\hamcrest-core\1.3\hamcrest-core-1.3.jar;C:\Users\Kamal\.m2\repository\com\google\inject\guice\4.2.2\guice-4.2.2-no_aop.jar;C:\Users\Kamal\.m2\repository\javax\inject\javax.inject\1\javax.inject-1.jar;C:\Users\Kamal\.m2\repository\aopalliance\aopalliance\1.0\aopalliance-1.0.jar;C:\Users\Kamal\.m2\repository\org\yaml\snakeyaml\1.21\snakeyaml-1.21.jar;C:\Users\Kamal\.m2\repository\org\apache\logging\log4j\log4j-core\2.13.3\log4j-core-2.13.3.jar;C:\Users\Kamal\.m2\repository\org\apache\logging\log4j\log4j-api\2.13.3\log4j-api-2.13.3.jar;"/>
    <property name="sun.cpu.endian" value="little"/>
    <property name="user.home" value="C:\Users\Kamal"/>
    <property name="user.language" value="en"/>
    <property name="java.specification.vendor" value="Oracle Corporation"/>
    <property name="java.version.date" value="2020-07-14"/>
    <property name="java.home" value="C:\Program Files\Java\jdk-14.0.2"/>
    <property name="testng.dtd.http" value="true"/>
    <property name="file.separator" value="\"/>
    <property name="basedir" value="C:\Users\Kamal\Downloads\UIAutomationFramework"/>
    <property name="java.vm.compressedOopsMode" value="32-bit"/>
    <property name="line.separator" value="&#10;"/>
    <property name="java.vm.specification.vendor" value="Oracle Corporation"/>
    <property name="java.specification.name" value="Java Platform API Specification"/>
    <property name="surefire.real.class.path" value="C:\Users\Kamal\AppData\Local\Temp\surefire12858612869716615053\surefirebooter8529144229108146173.jar"/>
    <property name="user.script" value=""/>
    <property name="sun.management.compiler" value="HotSpot 64-Bit Tiered Compilers"/>
    <property name="java.runtime.version" value="14.0.2+12-46"/>
    <property name="user.name" value="Kamal"/>
    <property name="path.separator" value=";"/>
    <property name="os.version" value="10.0"/>
    <property name="java.runtime.name" value="Java(TM) SE Runtime Environment"/>
    <property name="file.encoding" value="Cp1252"/>
    <property name="sun.nio.ch.bugLevel" value=""/>
    <property name="java.vm.name" value="Java HotSpot(TM) 64-Bit Server VM"/>
    <property name="localRepository" value="C:\Users\Kamal\.m2\repository"/>
    <property name="java.vendor.url.bug" value="https://bugreport.java.com/bugreport/"/>
    <property name="java.io.tmpdir" value="C:\Users\Kamal\AppData\Local\Temp\"/>
    <property name="java.version" value="14.0.2"/>
    <property name="user.dir" value="C:\Users\Kamal\Downloads\UIAutomationFramework"/>
    <property name="os.arch" value="amd64"/>
    <property name="java.vm.specification.name" value="Java Virtual Machine Specification"/>
    <property name="sun.os.patch.level" value=""/>
    <property name="java.library.path" value="C:\Program Files\Java\jdk-14.0.2\bin;C:\WINDOWS\Sun\Java\bin;C:\WINDOWS\system32;C:\WINDOWS;C:\Program Files (x86)\Common Files\Oracle\Java\javapath;C:\WINDOWS\system32;C:\WINDOWS;C:\WINDOWS\System32\Wbem;C:\WINDOWS\System32\WindowsPowerShell\v1.0\;C:\WINDOWS\System32\OpenSSH\;%JAVA_HOME%\bin;%MAVEN_HOME%\bin;C:\Users\Kamal\Downloads\apache-maven-3.6.3-bin\apache-maven-3.6.3\bin;C:\Program Files\Git\cmd;C:\Users\Kamal\AppData\Local\Microsoft\WindowsApps;;."/>
    <property name="java.vm.info" value="mixed mode, sharing"/>
    <property name="java.vendor" value="Oracle Corporation"/>
    <property name="java.vm.version" value="14.0.2+12-46"/>
    <property name="sun.io.unicode.encoding" value="UnicodeLittle"/>
    <property name="java.class.version" value="58.0"/>
  </properties>
  <testcase name="validateNavigationBar" classname="Academy.validateNavigationBar" time="1.309">
    <system-out><![CDATA[[TestNGContentHandler] [WARN] It is strongly recommended to add "<!DOCTYPE suite SYSTEM "https://testng.org/testng-1.0.dtd" >" at the top of your file, otherwise TestNG may fail or not work as expected.
chrome
chrome
chrome
]]></system-out>
    <system-err><![CDATA[SLF4J: Failed to load class "org.slf4j.impl.StaticLoggerBinder".
SLF4J: Defaulting to no-operation (NOP) logger implementation
SLF4J: See http://www.slf4j.org/codes.html#StaticLoggerBinder for further details.
Starting ChromeDriver 85.0.4183.87 (cd6713ebf92fa1cacc0f1a598df280093af0c5d7-refs/branch-heads/4183@{#1689}) on port 21699
Only local connections are allowed.
Please see https://chromedriver.chromium.org/security-considerations for suggestions on keeping ChromeDriver safe.
Starting ChromeDriver 85.0.4183.87 (cd6713ebf92fa1cacc0f1a598df28C0h0r9o3maefDriver0 cw5ad7s-refs/branch-heads/4183@{#1 6s8t9a}r)t eodn  spuocrcte s3s3f2ul8l5y.
O
nly local connections are allowed.
Please see https://chromedriver.chromium.org/security-considerations for suggestions on keeping ChromeDriver safe.
ChromeDriver was started successfully.
Starting ChromeDriver 85.0.4183.87 (cd6713ebf92fa1cacc0f1a598df280093af0c5d7-refs/branch-heads/4183@{#1689}) on port 25253
Only local connections are allowed.
Please see https://chromedriver.chromium.org/security-considerations for suggestions on keeping ChromeDriver safe.
ChromeDriver was started successfully.
[1600065448.720][WARNING]: Timed out co[nne16c0t00ing to Chrome, retr65448.722][WyAiRnNg.I..NG
]: Timed out connecting to Chrome, retrying...
[1600065449.420][WARNING]: Timed out connecting to Chrome, retrying...
Sep 14, 2020 12:07:34 PM org.openqa.selenium.remote.ProtocolHandshake createSession
INFO: Detected dialect: W3C
Sep 14, 2020 12:07:34 PM org.openqa.selenium.remote.ProtocolHandshake createSession
INFO: Detected dialect: W3C
Sep 14, 2020 12:07:34 PM org.openqa.selenium.remote.ProtocolHandshake createSession
INFO: Detected dialect: W3C
]]></system-err>
  </testcase>
  <testcase name="validatePageTitle" classname="Academy.validateTitle" time="2.474"/>
  <testcase name="basePageNavigation[testusername1, password](1)" classname="Academy.HomePage" time="10.444">
    <system-err><![CDATA[Sep 14, 2020 12:08:22 PM org.openqa.selenium.remote.http.WebSocket$Listener onError
WARNING: Connection reset
java.net.SocketException: Connection reset
	at java.base/sun.nio.ch.SocketChannelImpl.throwConnectionReset(SocketChannelImpl.java:345)
	at java.base/sun.nio.ch.SocketChannelImpl.read(SocketChannelImpl.java:376)
	at io.netty.buffer.PooledByteBuf.setBytes(PooledByteBuf.java:253)
	at io.netty.buffer.AbstractByteBuf.writeBytes(AbstractByteBuf.java:1133)
	at io.netty.channel.socket.nio.NioSocketChannel.doReadBytes(NioSocketChannel.java:350)
	at io.netty.channel.nio.AbstractNioByteChannel$NioByteUnsafe.read(AbstractNioByteChannel.java:148)
	at io.netty.channel.nio.NioEventLoop.processSelectedKey(NioEventLoop.java:714)
	at io.netty.channel.nio.NioEventLoop.processSelectedKeysOptimized(NioEventLoop.java:650)
	at io.netty.channel.nio.NioEventLoop.processSelectedKeys(NioEventLoop.java:576)
	at io.netty.channel.nio.NioEventLoop.run(NioEventLoop.java:493)
	at io.netty.util.concurrent.SingleThreadEventExecutor$4.run(SingleThreadEventExecutor.java:989)
	at io.netty.util.internal.ThreadExecutorMap$2.run(ThreadExecutorMap.java:74)
	at io.netty.util.concurrent.FastThreadLocalRunnable.run(FastThreadLocalRunnable.java:30)
	at java.base/java.lang.Thread.run(Thread.java:832)

]]></system-err>
  </testcase>
  <testcase name="basePageNavigation[testusername2, password](2)" classname="Academy.HomePage" time="1.09">
    <system-out><![CDATA[chrome
]]></system-out>
    <system-err><![CDATA[Sep 14, 2020 12:08:24 PM org.openqa.selenium.remote.http.WebSocket$Listener onError
WARNING: Connection reset
java.net.SocketException: Connection reset
	at java.base/sun.nio.ch.SocketChannelImpl.throwConnectionReset(SocketChannelImpl.java:345)
	at java.base/sun.nio.ch.SocketChannelImpl.read(SocketChannelImpl.java:376)
	at io.netty.buffer.PooledByteBuf.setBytes(PooledByteBuf.java:253)
	at io.netty.buffer.AbstractByteBuf.writeBytes(AbstractByteBuf.java:1133)
	at io.netty.channel.socket.nio.NioSocketChannel.doReadBytes(NioSocketChannel.java:350)
	at io.netty.channel.nio.AbstractNioByteChannel$NioByteUnsafe.read(AbstractNioByteChannel.java:148)
	at io.netty.channel.nio.NioEventLoop.processSelectedKey(NioEventLoop.java:714)
	at io.netty.channel.nio.NioEventLoop.processSelectedKeysOptimized(NioEventLoop.java:650)
	at io.netty.channel.nio.NioEventLoop.processSelectedKeys(NioEventLoop.java:576)
	at io.netty.channel.nio.NioEventLoop.run(NioEventLoop.java:493)
	at io.netty.util.concurrent.SingleThreadEventExecutor$4.run(SingleThreadEventExecutor.java:989)
	at io.netty.util.internal.ThreadExecutorMap$2.run(ThreadExecutorMap.java:74)
	at io.netty.util.concurrent.FastThreadLocalRunnable.run(FastThreadLocalRunnable.java:30)
	at java.base/java.lang.Thread.run(Thread.java:832)

Sep 14, 2020 12:08:25 PM org.openqa.selenium.remote.http.WebSocket$Listener onError
WARNING: Connection reset
java.net.SocketException: Connection reset
	at java.base/sun.nio.ch.SocketChannelImpl.throwConnectionReset(SocketChannelImpl.java:345)
	at java.base/sun.nio.ch.SocketChannelImpl.read(SocketChannelImpl.java:376)
	at io.netty.buffer.PooledByteBuf.setBytes(PooledByteBuf.java:253)
	at io.netty.buffer.AbstractByteBuf.writeBytes(AbstractByteBuf.java:1133)
	at io.netty.channel.socket.nio.NioSocketChannel.doReadBytes(NioSocketChannel.java:350)
	at io.netty.channel.nio.AbstractNioByteChannel$NioByteUnsafe.read(AbstractNioByteChannel.java:148)
	at io.netty.channel.nio.NioEventLoop.processSelectedKey(NioEventLoop.java:714)
	at io.netty.channel.nio.NioEventLoop.processSelectedKeysOptimized(NioEventLoop.java:650)
	at io.netty.channel.nio.NioEventLoop.processSelectedKeys(NioEventLoop.java:576)
	at io.netty.channel.nio.NioEventLoop.run(NioEventLoop.java:493)
	at io.netty.util.concurrent.SingleThreadEventExecutor$4.run(SingleThreadEventExecutor.java:989)
	at io.netty.util.internal.ThreadExecutorMap$2.run(ThreadExecutorMap.java:74)
	at io.netty.util.concurrent.FastThreadLocalRunnable.run(FastThreadLocalRunnable.java:30)
	at java.base/java.lang.Thread.run(Thread.java:832)

Starting ChromeDriver 85.0.4183.87 (cd6713ebf92fa1cacc0f1a598df280093af0c5d7-refs/branch-heads/4183@{#1689}) on port 25126
Only local connections are allowed.
Please see https://chromedriver.chromium.org/security-considerations for suggestions on keeping ChromeDriver safe.
ChromeDriver was started successfully.
Sep 14, 2020 12:08:39 PM org.openqa.selenium.remote.ProtocolHandshake createSession
INFO: Detected dialect: W3C
]]></system-err>
  </testcase>
</testsuite>