<?xml version="1.0" encoding="UTF-8"?>
<!-- Generated by org.testng.reporters.JUnitReportReporter -->
<testsuite hostname="DESKTOP-7S84N7B" failures="0" tests="1" name="Academy.validateNavigationBar" time="1.069" errors="0" timestamp="2020-09-14T13:13:06 IST" skipped="0">
  <testcase classname="Academy.validateNavigationBar" name="validateNavigationBar" time="1.069"/>
  <system-out/>
</testsuite> <!-- Academy.validateNavigationBar -->
