<?xml version="1.0" encoding="UTF-8"?>
<!-- Generated by org.testng.reporters.JUnitReportReporter -->
<testsuite hostname="DESKTOP-7S84N7B" failures="0" tests="2" name="Academy.HomePage" time="92.571" errors="0" timestamp="2020-09-14T12:08:46 IST" skipped="0">
  <testcase classname="Academy.HomePage" name="basePageNavigation" time="30.191"/>
  <system-out/>
  <testcase classname="Academy.HomePage" name="basePageNavigation" time="62.380"/>
  <system-out/>
</testsuite> <!-- Academy.HomePage -->
