<?xml version="1.0" encoding="UTF-8"?>
<!-- Generated by org.testng.reporters.JUnitReportReporter -->
<testsuite hostname="DESKTOP-7S84N7B" failures="0" tests="1" name="Academy.validateTitle" time="3.658" errors="0" timestamp="2020-09-14T12:08:46 IST" skipped="0">
  <testcase classname="Academy.validateTitle" name="validatePageTitle" time="3.658"/>
  <system-out/>
</testsuite> <!-- Academy.validateTitle -->
